basic_example/usecase/build/intermediates/manifest_merge_blame_file/debug/manifest-merger-blame-debug-report.txt
1<?xml version="1.0" encoding="utf-8"?>
2<manifest xmlns:android="http://schemas.android.com/apk/res/android"
3    package="com.example.usecase"
4    android:versionCode="1"
5    android:versionName="1.0" >
6
7    <uses-sdk
8        android:minSdkVersion="24"
8-->src/main/AndroidManifest.xml
9        android:targetSdkVersion="34" />
9-->src/main/AndroidManifest.xml
10    <!-- Always include this permission -->
11    <uses-permission android:name="android.permission.ACCESS_COARSE_LOCATION" /> <!-- Include only if your app benefits from precise location access. -->
11-->src/main/AndroidManifest.xml:5:5-81
11-->src/main/AndroidManifest.xml:5:22-78
12    <uses-permission android:name="android.permission.ACCESS_FINE_LOCATION" />
12-->src/main/AndroidManifest.xml:6:5-79
12-->src/main/AndroidManifest.xml:6:22-76
13    <uses-permission android:name="android.permission.INTERNET" />
13-->src/main/AndroidManifest.xml:7:5-67
13-->src/main/AndroidManifest.xml:7:22-64
14
15    <uses-feature
15-->[com.tomtom.sdk.maps:map-display:0.45.2] AndroidManifest.xml:23:5-25:35
16        android:glEsVersion="0x00030000"
16-->[com.tomtom.sdk.maps:map-display:0.45.2] AndroidManifest.xml:24:9-41
17        android:required="true" />
17-->[com.tomtom.sdk.maps:map-display:0.45.2] AndroidManifest.xml:25:9-32
18
19    <uses-permission android:name="android.permission.ACCESS_NETWORK_STATE" />
19-->[com.tomtom.sdk.common:http-framework-binding-internal-android:0.45.2] AndroidManifest.xml:18:5-79
19-->[com.tomtom.sdk.common:http-framework-binding-internal-android:0.45.2] AndroidManifest.xml:18:22-76
20    <uses-permission android:name="android.permission.ACCESS_WIFI_STATE" />
20-->[com.tomtom.sdk.location:provider-android:0.45.2] AndroidManifest.xml:20:5-76
20-->[com.tomtom.sdk.location:provider-android:0.45.2] AndroidManifest.xml:20:22-73
21
22    <queries>
22-->[com.tomtom.sdk:tts-engine-android:0.45.2] AndroidManifest.xml:17:5-21:15
23        <intent>
23-->[com.tomtom.sdk:tts-engine-android:0.45.2] AndroidManifest.xml:18:9-20:18
24            <action android:name="android.intent.action.TTS_SERVICE" />
24-->[com.tomtom.sdk:tts-engine-android:0.45.2] AndroidManifest.xml:19:13-72
24-->[com.tomtom.sdk:tts-engine-android:0.45.2] AndroidManifest.xml:19:21-69
25        </intent>
26    </queries>
27
28    <uses-permission android:name="android.permission.FOREGROUND_SERVICE" />
28-->[com.tomtom.sdk.navigation:service:0.45.2] AndroidManifest.xml:17:5-77
28-->[com.tomtom.sdk.navigation:service:0.45.2] AndroidManifest.xml:17:22-74
29    <uses-permission android:name="android.permission.POST_NOTIFICATIONS" />
29-->[com.tomtom.sdk.navigation:service:0.45.2] AndroidManifest.xml:18:5-77
29-->[com.tomtom.sdk.navigation:service:0.45.2] AndroidManifest.xml:18:22-74
30    <uses-permission android:name="android.permission.REORDER_TASKS" />
30-->[androidx.fragment:fragment-testing-manifest:1.6.2] AndroidManifest.xml:23:5-72
30-->[androidx.fragment:fragment-testing-manifest:1.6.2] AndroidManifest.xml:23:22-69
31
32    <permission
32-->[androidx.core:core:1.10.1] AndroidManifest.xml:22:5-24:47
33        android:name="com.example.usecase.DYNAMIC_RECEIVER_NOT_EXPORTED_PERMISSION"
33-->[androidx.core:core:1.10.1] AndroidManifest.xml:23:9-81
34        android:protectionLevel="signature" />
34-->[androidx.core:core:1.10.1] AndroidManifest.xml:24:9-44
35
36    <uses-permission android:name="com.example.usecase.DYNAMIC_RECEIVER_NOT_EXPORTED_PERMISSION" />
36-->[androidx.core:core:1.10.1] AndroidManifest.xml:26:5-97
36-->[androidx.core:core:1.10.1] AndroidManifest.xml:26:22-94
37
38    <application
38-->src/main/AndroidManifest.xml:9:5-29:19
39        android:appComponentFactory="androidx.core.app.CoreComponentFactory"
39-->[androidx.core:core:1.10.1] AndroidManifest.xml:28:18-86
40        android:debuggable="true"
41        android:extractNativeLibs="false"
42        android:label="Navigation App"
42-->src/main/AndroidManifest.xml:10:9-39
43        android:testOnly="true"
44        android:theme="@style/Theme.App" >
44-->src/main/AndroidManifest.xml:11:9-41
45        <activity
45-->src/main/AndroidManifest.xml:14:9-17:20
46            android:name="com.example.usecase.MainActivity"
46-->src/main/AndroidManifest.xml:15:13-41
47            android:exported="false" >
47-->src/main/AndroidManifest.xml:16:13-37
48        </activity>
49        <activity
49-->src/main/AndroidManifest.xml:18:9-28:20
50            android:name="com.example.usecase.SplashActivity"
50-->src/main/AndroidManifest.xml:19:13-43
51            android:exported="true"
51-->src/main/AndroidManifest.xml:22:13-36
52            android:theme="@style/SplashTheme" >
52-->src/main/AndroidManifest.xml:20:13-47
53            <intent-filter>
53-->src/main/AndroidManifest.xml:23:13-27:29
54                <action android:name="android.intent.action.MAIN" />
54-->src/main/AndroidManifest.xml:24:17-69
54-->src/main/AndroidManifest.xml:24:25-66
55
56                <category android:name="android.intent.category.LAUNCHER" />
56-->src/main/AndroidManifest.xml:26:17-77
56-->src/main/AndroidManifest.xml:26:27-74
57            </intent-filter>
58        </activity>
59
60        <service
60-->[com.tomtom.sdk.navigation:service:0.45.2] AndroidManifest.xml:21:9-23:56
61            android:name="com.tomtom.sdk.navigation.service.TomTomNavigationService"
61-->[com.tomtom.sdk.navigation:service:0.45.2] AndroidManifest.xml:22:13-85
62            android:foregroundServiceType="location" /> <!-- can be removed after https://jira.tomtomgroup.com/browse/NAV-73104 -->
62-->[com.tomtom.sdk.navigation:service:0.45.2] AndroidManifest.xml:23:13-53
63        <service
63-->[com.tomtom.sdk.navigation:navigation-android:0.45.2] AndroidManifest.xml:22:9-24:39
64            android:name="com.tomtom.positioning.player.Player"
64-->[com.tomtom.sdk.navigation:navigation-android:0.45.2] AndroidManifest.xml:23:13-64
65            android:exported="true" />
65-->[com.tomtom.sdk.navigation:navigation-android:0.45.2] AndroidManifest.xml:24:13-36
66
67        <activity
67-->[com.google.android.gms:play-services-base:18.1.0] AndroidManifest.xml:20:9-22:45
68            android:name="com.google.android.gms.common.api.GoogleApiActivity"
68-->[com.google.android.gms:play-services-base:18.1.0] AndroidManifest.xml:20:19-85
69            android:exported="false"
69-->[com.google.android.gms:play-services-base:18.1.0] AndroidManifest.xml:22:19-43
70            android:theme="@android:style/Theme.Translucent.NoTitleBar" />
70-->[com.google.android.gms:play-services-base:18.1.0] AndroidManifest.xml:21:19-78
71
72        <meta-data
72-->[com.google.android.gms:play-services-basement:18.1.0] AndroidManifest.xml:21:9-23:69
73            android:name="com.google.android.gms.version"
73-->[com.google.android.gms:play-services-basement:18.1.0] AndroidManifest.xml:22:13-58
74            android:value="@integer/google_play_services_version" />
74-->[com.google.android.gms:play-services-basement:18.1.0] AndroidManifest.xml:23:13-66
75
76        <activity
76-->[androidx.fragment:fragment-testing-manifest:1.6.2] AndroidManifest.xml:26:9-35:20
77            android:name="androidx.fragment.app.testing.EmptyFragmentActivity"
77-->[androidx.fragment:fragment-testing-manifest:1.6.2] AndroidManifest.xml:27:13-79
78            android:exported="true"
78-->[androidx.fragment:fragment-testing-manifest:1.6.2] AndroidManifest.xml:28:13-36
79            android:multiprocess="true"
79-->[androidx.fragment:fragment-testing-manifest:1.6.2] AndroidManifest.xml:29:13-40
80            android:taskAffinity=""
80-->[androidx.fragment:fragment-testing-manifest:1.6.2] AndroidManifest.xml:30:13-36
81            android:theme="@style/FragmentScenarioEmptyFragmentActivityTheme" >
81-->[androidx.fragment:fragment-testing-manifest:1.6.2] AndroidManifest.xml:31:13-78
82            <intent-filter>
82-->[androidx.fragment:fragment-testing-manifest:1.6.2] AndroidManifest.xml:32:13-34:29
83                <action android:name="android.intent.action.MAIN" />
83-->src/main/AndroidManifest.xml:24:17-69
83-->src/main/AndroidManifest.xml:24:25-66
84            </intent-filter>
85        </activity>
86
87        <provider
87-->[androidx.emoji2:emoji2:1.2.0] AndroidManifest.xml:24:9-32:20
88            android:name="androidx.startup.InitializationProvider"
88-->[androidx.emoji2:emoji2:1.2.0] AndroidManifest.xml:25:13-67
89            android:authorities="com.example.usecase.androidx-startup"
89-->[androidx.emoji2:emoji2:1.2.0] AndroidManifest.xml:26:13-68
90            android:exported="false" >
90-->[androidx.emoji2:emoji2:1.2.0] AndroidManifest.xml:27:13-37
91            <meta-data
91-->[androidx.emoji2:emoji2:1.2.0] AndroidManifest.xml:29:13-31:52
92                android:name="androidx.emoji2.text.EmojiCompatInitializer"
92-->[androidx.emoji2:emoji2:1.2.0] AndroidManifest.xml:30:17-75
93                android:value="androidx.startup" />
93-->[androidx.emoji2:emoji2:1.2.0] AndroidManifest.xml:31:17-49
94            <meta-data
94-->[androidx.lifecycle:lifecycle-process:2.6.2] AndroidManifest.xml:29:13-31:52
95                android:name="androidx.lifecycle.ProcessLifecycleInitializer"
95-->[androidx.lifecycle:lifecycle-process:2.6.2] AndroidManifest.xml:30:17-78
96                android:value="androidx.startup" />
96-->[androidx.lifecycle:lifecycle-process:2.6.2] AndroidManifest.xml:31:17-49
97            <meta-data
97-->[androidx.profileinstaller:profileinstaller:1.3.0] AndroidManifest.xml:29:13-31:52
98                android:name="androidx.profileinstaller.ProfileInstallerInitializer"
98-->[androidx.profileinstaller:profileinstaller:1.3.0] AndroidManifest.xml:30:17-85
99                android:value="androidx.startup" />
99-->[androidx.profileinstaller:profileinstaller:1.3.0] AndroidManifest.xml:31:17-49
100        </provider>
101
102        <activity
102-->[androidx.test:core:1.5.0] AndroidManifest.xml:27:9-34:20
103            android:name="androidx.test.core.app.InstrumentationActivityInvoker$BootstrapActivity"
103-->[androidx.test:core:1.5.0] AndroidManifest.xml:28:13-99
104            android:exported="true"
104-->[androidx.test:core:1.5.0] AndroidManifest.xml:29:13-36
105            android:theme="@style/WhiteBackgroundTheme" >
105-->[androidx.test:core:1.5.0] AndroidManifest.xml:30:13-56
106            <intent-filter android:priority="-100" >
106-->[androidx.test:core:1.5.0] AndroidManifest.xml:31:13-33:29
106-->[androidx.test:core:1.5.0] AndroidManifest.xml:31:28-51
107                <category android:name="android.intent.category.LAUNCHER" />
107-->src/main/AndroidManifest.xml:26:17-77
107-->src/main/AndroidManifest.xml:26:27-74
108            </intent-filter>
109        </activity>
110        <activity
110-->[androidx.test:core:1.5.0] AndroidManifest.xml:35:9-42:20
111            android:name="androidx.test.core.app.InstrumentationActivityInvoker$EmptyActivity"
111-->[androidx.test:core:1.5.0] AndroidManifest.xml:36:13-95
112            android:exported="true"
112-->[androidx.test:core:1.5.0] AndroidManifest.xml:37:13-36
113            android:theme="@style/WhiteBackgroundTheme" >
113-->[androidx.test:core:1.5.0] AndroidManifest.xml:38:13-56
114            <intent-filter android:priority="-100" >
114-->[androidx.test:core:1.5.0] AndroidManifest.xml:31:13-33:29
114-->[androidx.test:core:1.5.0] AndroidManifest.xml:31:28-51
115                <category android:name="android.intent.category.LAUNCHER" />
115-->src/main/AndroidManifest.xml:26:17-77
115-->src/main/AndroidManifest.xml:26:27-74
116            </intent-filter>
117        </activity>
118        <activity
118-->[androidx.test:core:1.5.0] AndroidManifest.xml:43:9-50:20
119            android:name="androidx.test.core.app.InstrumentationActivityInvoker$EmptyFloatingActivity"
119-->[androidx.test:core:1.5.0] AndroidManifest.xml:44:13-103
120            android:exported="true"
120-->[androidx.test:core:1.5.0] AndroidManifest.xml:45:13-36
121            android:theme="@style/WhiteBackgroundDialogTheme" >
121-->[androidx.test:core:1.5.0] AndroidManifest.xml:46:13-62
122            <intent-filter android:priority="-100" >
122-->[androidx.test:core:1.5.0] AndroidManifest.xml:31:13-33:29
122-->[androidx.test:core:1.5.0] AndroidManifest.xml:31:28-51
123                <category android:name="android.intent.category.LAUNCHER" />
123-->src/main/AndroidManifest.xml:26:17-77
123-->src/main/AndroidManifest.xml:26:27-74
124            </intent-filter>
125        </activity>
126
127        <receiver
127-->[androidx.profileinstaller:profileinstaller:1.3.0] AndroidManifest.xml:34:9-52:20
128            android:name="androidx.profileinstaller.ProfileInstallReceiver"
128-->[androidx.profileinstaller:profileinstaller:1.3.0] AndroidManifest.xml:35:13-76
129            android:directBootAware="false"
129-->[androidx.profileinstaller:profileinstaller:1.3.0] AndroidManifest.xml:36:13-44
130            android:enabled="true"
130-->[androidx.profileinstaller:profileinstaller:1.3.0] AndroidManifest.xml:37:13-35
131            android:exported="true"
131-->[androidx.profileinstaller:profileinstaller:1.3.0] AndroidManifest.xml:38:13-36
132            android:permission="android.permission.DUMP" >
132-->[androidx.profileinstaller:profileinstaller:1.3.0] AndroidManifest.xml:39:13-57
133            <intent-filter>
133-->[androidx.profileinstaller:profileinstaller:1.3.0] AndroidManifest.xml:40:13-42:29
134                <action android:name="androidx.profileinstaller.action.INSTALL_PROFILE" />
134-->[androidx.profileinstaller:profileinstaller:1.3.0] AndroidManifest.xml:41:17-91
134-->[androidx.profileinstaller:profileinstaller:1.3.0] AndroidManifest.xml:41:25-88
135            </intent-filter>
136            <intent-filter>
136-->[androidx.profileinstaller:profileinstaller:1.3.0] AndroidManifest.xml:43:13-45:29
137                <action android:name="androidx.profileinstaller.action.SKIP_FILE" />
137-->[androidx.profileinstaller:profileinstaller:1.3.0] AndroidManifest.xml:44:17-85
137-->[androidx.profileinstaller:profileinstaller:1.3.0] AndroidManifest.xml:44:25-82
138            </intent-filter>
139            <intent-filter>
139-->[androidx.profileinstaller:profileinstaller:1.3.0] AndroidManifest.xml:46:13-48:29
140                <action android:name="androidx.profileinstaller.action.SAVE_PROFILE" />
140-->[androidx.profileinstaller:profileinstaller:1.3.0] AndroidManifest.xml:47:17-88
140-->[androidx.profileinstaller:profileinstaller:1.3.0] AndroidManifest.xml:47:25-85
141            </intent-filter>
142            <intent-filter>
142-->[androidx.profileinstaller:profileinstaller:1.3.0] AndroidManifest.xml:49:13-51:29
143                <action android:name="androidx.profileinstaller.action.BENCHMARK_OPERATION" />
143-->[androidx.profileinstaller:profileinstaller:1.3.0] AndroidManifest.xml:50:17-95
143-->[androidx.profileinstaller:profileinstaller:1.3.0] AndroidManifest.xml:50:25-92
144            </intent-filter>
145        </receiver>
146    </application>
147
148</manifest>